<testsuites id="" name="" tests="4" failures="1" skipped="0" errors="0" time="78.02287999999999">
<testsuite name="global.teardown.ts" timestamp="2024-04-03T11:34:54.756Z" hostname="teardown" tests="1" failures="1" skipped="0" time="9.255" errors="0">
<testcase name="logout" classname="global.teardown.ts" time="9.255">
<failure message="global.teardown.ts:5:9 logout" type="FAILURE">
<![CDATA[  [teardown] › global.teardown.ts:5:9 › logout ─────────────────────────────────────────────────────

    TimeoutError: locator.click: Timeout 5000ms exceeded.
    Call log:
      - waiting for getByRole('link', { name: 'Log Out' })


       9 |         dialog.accept().catch(() => { });
      10 |     });
    > 11 |     await page.getByRole('link', { name: 'Log Out' }).click();
         |                                                       ^
      12 |     await expect(page.locator('h1')).toContainText('Access and Authentication');
      13 |     await page.close();
      14 | })

        at C:\Users\StevePowell\Documents\nfocus6playwright\tests\global.teardown.ts:11:55

    attachment #1: screenshot (image/png) ──────────────────────────────────────────────────────────
    test-results\global.teardown.ts-logout-teardown\test-failed-1.png
    ────────────────────────────────────────────────────────────────────────────────────────────────

    attachment #2: video (video/webm) ──────────────────────────────────────────────────────────────
    test-results\global.teardown.ts-logout-teardown\video.webm
    ────────────────────────────────────────────────────────────────────────────────────────────────

    attachment #3: trace (application/zip) ─────────────────────────────────────────────────────────
    test-results\global.teardown.ts-logout-teardown\trace.zip
    Usage:

        npx playwright show-trace test-results\global.teardown.ts-logout-teardown\trace.zip

    ────────────────────────────────────────────────────────────────────────────────────────────────
]]>
</failure>
<system-out>
<![CDATA[
[[ATTACHMENT|..\test-results\global.teardown.ts-logout-teardown\test-failed-1.png]]

[[ATTACHMENT|..\test-results\global.teardown.ts-logout-teardown\video.webm]]

[[ATTACHMENT|..\test-results\global.teardown.ts-logout-teardown\trace.zip]]
]]>
</system-out>
</testcase>
</testsuite>
<testsuite name="global.setup.ts" timestamp="2024-04-03T11:34:54.756Z" hostname="setup" tests="1" failures="0" skipped="0" time="42.219" errors="0">
<testcase name="do login" classname="global.setup.ts" time="42.219">
<system-out>
<![CDATA[
[[ATTACHMENT|..\test-results\global.setup.ts-do-login-setup\test-finished-1.png]]

[[ATTACHMENT|..\test-results\global.setup.ts-do-login-setup\video.webm]]

[[ATTACHMENT|..\test-results\global.setup.ts-do-login-setup\trace.zip]]
]]>
</system-out>
</testcase>
</testsuite>
<testsuite name="teststhatneedtobeloggedin.spec.ts" timestamp="2024-04-03T11:34:54.756Z" hostname="firefox" tests="2" failures="0" skipped="0" time="14.526" errors="0">
<testcase name="test1" classname="teststhatneedtobeloggedin.spec.ts" time="9.93">
<system-out>
<![CDATA[
[[ATTACHMENT|..\test-results\teststhatneedtobeloggedin-test1-firefox\test-finished-1.png]]

[[ATTACHMENT|..\test-results\teststhatneedtobeloggedin-test1-firefox\video.webm]]

[[ATTACHMENT|..\test-results\teststhatneedtobeloggedin-test1-firefox\trace.zip]]
]]>
</system-out>
</testcase>
<testcase name="test2" classname="teststhatneedtobeloggedin.spec.ts" time="4.596">
<system-out>
<![CDATA[
[[ATTACHMENT|..\test-results\teststhatneedtobeloggedin-test2-firefox\test-finished-1.png]]

[[ATTACHMENT|..\test-results\teststhatneedtobeloggedin-test2-firefox\video.webm]]

[[ATTACHMENT|..\test-results\teststhatneedtobeloggedin-test2-firefox\trace.zip]]
]]>
</system-out>
</testcase>
</testsuite>
</testsuites>